<?xml version="1.0" encoding="UTF-8"?>
<Site BuildName="Win32-mingw32-make"
	BuildStamp="20240516-0324-Experimental"
	Name="UNC-TGTUIDC6BN0"
	Generator="ctest-3.29.3"
	CompilerName="C:/msys64/ucrt64/bin/c++.exe"
	CompilerVersion="13.2.0"
	OSName="Windows"
	Hostname="UNC-TGTUIDC6BN0"
	OSRelease=" Professional"
	OSVersion=" (Build 22631)"
	OSPlatform="AMD64"
	Is64Bits="1"
	VendorString="GenuineIntel"
	VendorID="Intel Corporation"
	FamilyID="6"
	ModelID="12"
	ProcessorCacheSize="-1"
	NumberOfLogicalCPU="8"
	NumberOfPhysicalCPU="4"
	TotalVirtualMemory="16553"
	TotalPhysicalMemory="7856"
	LogicalProcessorsPerPhysical="2"
	ProcessorClockFrequency="2419"
	>
	<Testing>
		<StartDateTime>May 15 23:49 Eastern Daylight Time</StartDateTime>
		<StartTestTime>1715831340</StartTestTime>
		<TestList/>
		<EndDateTime>May 15 23:49 Eastern Daylight Time</EndDateTime>
		<EndTestTime>1715831340</EndTestTime>
		<ElapsedMinutes>0</ElapsedMinutes>
	</Testing>
</Site>
